0 info it worked if it ends with ok
1 verbose cli [ 'node', '/usr/bin/npm', 'install', '-g', 'localtunnel' ]
2 info using npm@1.3.6
3 info using node@v0.10.36
4 verbose cache add [ 'localtunnel', null ]
5 verbose cache add name=undefined spec="localtunnel" args=["localtunnel",null]
6 verbose parsed url { protocol: null,
6 verbose parsed url   slashes: null,
6 verbose parsed url   auth: null,
6 verbose parsed url   host: null,
6 verbose parsed url   port: null,
6 verbose parsed url   hostname: null,
6 verbose parsed url   hash: null,
6 verbose parsed url   search: null,
6 verbose parsed url   query: null,
6 verbose parsed url   pathname: 'localtunnel',
6 verbose parsed url   path: 'localtunnel',
6 verbose parsed url   href: 'localtunnel' }
7 silly lockFile a0661bc8-localtunnel localtunnel
8 verbose lock localtunnel /home/janekos/.npm/a0661bc8-localtunnel.lock
9 silly lockFile a0661bc8-localtunnel localtunnel
10 silly lockFile a0661bc8-localtunnel localtunnel
11 verbose addNamed [ 'localtunnel', '' ]
12 verbose addNamed [ null, '*' ]
13 silly lockFile c752cf78-localtunnel localtunnel@
14 verbose lock localtunnel@ /home/janekos/.npm/c752cf78-localtunnel.lock
15 silly addNameRange { name: 'localtunnel', range: '*', hasData: false }
16 verbose url raw localtunnel
17 verbose url resolving [ 'https://registry.npmjs.org/', './localtunnel' ]
18 verbose url resolved https://registry.npmjs.org/localtunnel
19 info trying registry request attempt 1 at 17:33:37
20 http GET https://registry.npmjs.org/localtunnel
21 http 200 https://registry.npmjs.org/localtunnel
22 silly registry.get cb [ 200,
22 silly registry.get   { server: 'CouchDB/1.5.0 (Erlang OTP/R16B03)',
22 silly registry.get     etag: '"22CWURJO1Y27CXQIMU6BW5DNS"',
22 silly registry.get     'content-type': 'application/json',
22 silly registry.get     'cache-control': 'max-age=300',
22 silly registry.get     'content-length': '27921',
22 silly registry.get     'accept-ranges': 'bytes',
22 silly registry.get     date: 'Sat, 26 Mar 2016 15:43:47 GMT',
22 silly registry.get     via: '1.1 varnish',
22 silly registry.get     age: '289',
22 silly registry.get     connection: 'keep-alive',
22 silly registry.get     'x-served-by': 'cache-ams4145-AMS',
22 silly registry.get     'x-cache': 'HIT',
22 silly registry.get     'x-cache-hits': '1',
22 silly registry.get     'x-timer': 'S1459007027.537734,VS0,VE0',
22 silly registry.get     vary: 'Accept' } ]
23 silly addNameRange number 2 { name: 'localtunnel', range: '*', hasData: true }
24 silly addNameRange versions [ 'localtunnel',
24 silly addNameRange   [ '0.0.0',
24 silly addNameRange     '0.0.1',
24 silly addNameRange     '0.0.2',
24 silly addNameRange     '0.0.3',
24 silly addNameRange     '0.0.4',
24 silly addNameRange     '0.1.0',
24 silly addNameRange     '0.1.1',
24 silly addNameRange     '0.1.2',
24 silly addNameRange     '0.1.3',
24 silly addNameRange     '0.2.0',
24 silly addNameRange     '0.2.1',
24 silly addNameRange     '0.2.2',
24 silly addNameRange     '1.0.0',
24 silly addNameRange     '1.1.0',
24 silly addNameRange     '1.1.1',
24 silly addNameRange     '1.1.2',
24 silly addNameRange     '1.2.0',
24 silly addNameRange     '1.3.0',
24 silly addNameRange     '1.4.0',
24 silly addNameRange     '1.5.0',
24 silly addNameRange     '1.5.1',
24 silly addNameRange     '1.6.0',
24 silly addNameRange     '1.7.0',
24 silly addNameRange     '1.8.0',
24 silly addNameRange     '1.8.1' ] ]
25 verbose addNamed [ 'localtunnel', '1.8.1' ]
26 verbose addNamed [ '1.8.1', '1.8.1' ]
27 silly lockFile c9daa0d1-localtunnel-1-8-1 localtunnel@1.8.1
28 verbose lock localtunnel@1.8.1 /home/janekos/.npm/c9daa0d1-localtunnel-1-8-1.lock
29 silly lockFile c421e077-ocaltunnel-localtunnel-1-8-1-tgz https://registry.npmjs.org/localtunnel/-/localtunnel-1.8.1.tgz
30 verbose lock https://registry.npmjs.org/localtunnel/-/localtunnel-1.8.1.tgz /home/janekos/.npm/c421e077-ocaltunnel-localtunnel-1-8-1-tgz.lock
31 verbose addRemoteTarball [ 'https://registry.npmjs.org/localtunnel/-/localtunnel-1.8.1.tgz',
31 verbose addRemoteTarball   'd51b2bb7a7066afb05b57fc9db844015098f2e17' ]
32 info retry fetch attempt 1 at 17:33:38
33 verbose fetch to= /home/janekos/tmp/npm-44815-PKk6Aiqa/1459006418272-0.9198070340789855/tmp.tgz
34 http GET https://registry.npmjs.org/localtunnel/-/localtunnel-1.8.1.tgz
35 http 200 https://registry.npmjs.org/localtunnel/-/localtunnel-1.8.1.tgz
36 verbose tar unpack /home/janekos/tmp/npm-44815-PKk6Aiqa/1459006418272-0.9198070340789855/tmp.tgz
37 silly lockFile 22a90b73-18272-0-9198070340789855-package tar:///home/janekos/tmp/npm-44815-PKk6Aiqa/1459006418272-0.9198070340789855/package
38 verbose lock tar:///home/janekos/tmp/npm-44815-PKk6Aiqa/1459006418272-0.9198070340789855/package /home/janekos/.npm/22a90b73-18272-0-9198070340789855-package.lock
39 silly lockFile b9a5f143-18272-0-9198070340789855-tmp-tgz tar:///home/janekos/tmp/npm-44815-PKk6Aiqa/1459006418272-0.9198070340789855/tmp.tgz
40 verbose lock tar:///home/janekos/tmp/npm-44815-PKk6Aiqa/1459006418272-0.9198070340789855/tmp.tgz /home/janekos/.npm/b9a5f143-18272-0-9198070340789855-tmp-tgz.lock
41 silly gunzTarPerm modes [ '755', '644' ]
42 silly gunzTarPerm extractEntry package.json
43 silly gunzTarPerm extractEntry .npmignore
44 silly gunzTarPerm extractEntry README.md
45 silly gunzTarPerm extractEntry client.js
46 silly gunzTarPerm extractEntry bin/client
47 silly gunzTarPerm extractEntry .travis.yml
48 silly gunzTarPerm extractEntry History.md
49 silly gunzTarPerm extractEntry lib/HeaderHostTransformer.js
50 silly gunzTarPerm extractEntry lib/Tunnel.js
51 silly gunzTarPerm extractEntry lib/TunnelCluster.js
52 silly gunzTarPerm extractEntry test/index.js
53 silly lockFile 22a90b73-18272-0-9198070340789855-package tar:///home/janekos/tmp/npm-44815-PKk6Aiqa/1459006418272-0.9198070340789855/package
54 silly lockFile 22a90b73-18272-0-9198070340789855-package tar:///home/janekos/tmp/npm-44815-PKk6Aiqa/1459006418272-0.9198070340789855/package
55 silly lockFile b9a5f143-18272-0-9198070340789855-tmp-tgz tar:///home/janekos/tmp/npm-44815-PKk6Aiqa/1459006418272-0.9198070340789855/tmp.tgz
56 silly lockFile b9a5f143-18272-0-9198070340789855-tmp-tgz tar:///home/janekos/tmp/npm-44815-PKk6Aiqa/1459006418272-0.9198070340789855/tmp.tgz
57 verbose tar pack [ '/home/janekos/.npm/localtunnel/1.8.1/package.tgz',
57 verbose tar pack   '/home/janekos/tmp/npm-44815-PKk6Aiqa/1459006418272-0.9198070340789855/package' ]
58 verbose tarball /home/janekos/.npm/localtunnel/1.8.1/package.tgz
59 verbose folder /home/janekos/tmp/npm-44815-PKk6Aiqa/1459006418272-0.9198070340789855/package
60 silly lockFile 22a90b73-18272-0-9198070340789855-package tar:///home/janekos/tmp/npm-44815-PKk6Aiqa/1459006418272-0.9198070340789855/package
61 verbose lock tar:///home/janekos/tmp/npm-44815-PKk6Aiqa/1459006418272-0.9198070340789855/package /home/janekos/.npm/22a90b73-18272-0-9198070340789855-package.lock
62 silly lockFile dd176cfb-pm-localtunnel-1-8-1-package-tgz tar:///home/janekos/.npm/localtunnel/1.8.1/package.tgz
63 verbose lock tar:///home/janekos/.npm/localtunnel/1.8.1/package.tgz /home/janekos/.npm/dd176cfb-pm-localtunnel-1-8-1-package-tgz.lock
64 silly lockFile 22a90b73-18272-0-9198070340789855-package tar:///home/janekos/tmp/npm-44815-PKk6Aiqa/1459006418272-0.9198070340789855/package
65 silly lockFile 22a90b73-18272-0-9198070340789855-package tar:///home/janekos/tmp/npm-44815-PKk6Aiqa/1459006418272-0.9198070340789855/package
66 silly lockFile dd176cfb-pm-localtunnel-1-8-1-package-tgz tar:///home/janekos/.npm/localtunnel/1.8.1/package.tgz
67 silly lockFile dd176cfb-pm-localtunnel-1-8-1-package-tgz tar:///home/janekos/.npm/localtunnel/1.8.1/package.tgz
68 silly lockFile a98946db-os-npm-localtunnel-1-8-1-package /home/janekos/.npm/localtunnel/1.8.1/package
69 verbose lock /home/janekos/.npm/localtunnel/1.8.1/package /home/janekos/.npm/a98946db-os-npm-localtunnel-1-8-1-package.lock
70 silly lockFile a98946db-os-npm-localtunnel-1-8-1-package /home/janekos/.npm/localtunnel/1.8.1/package
71 silly lockFile a98946db-os-npm-localtunnel-1-8-1-package /home/janekos/.npm/localtunnel/1.8.1/package
72 verbose tar unpack /home/janekos/.npm/localtunnel/1.8.1/package.tgz
73 silly lockFile 91108156-os-npm-localtunnel-1-8-1-package tar:///home/janekos/.npm/localtunnel/1.8.1/package
74 verbose lock tar:///home/janekos/.npm/localtunnel/1.8.1/package /home/janekos/.npm/91108156-os-npm-localtunnel-1-8-1-package.lock
75 silly lockFile dd176cfb-pm-localtunnel-1-8-1-package-tgz tar:///home/janekos/.npm/localtunnel/1.8.1/package.tgz
76 verbose lock tar:///home/janekos/.npm/localtunnel/1.8.1/package.tgz /home/janekos/.npm/dd176cfb-pm-localtunnel-1-8-1-package-tgz.lock
77 silly gunzTarPerm modes [ '755', '644' ]
78 silly gunzTarPerm extractEntry package.json
79 silly gunzTarPerm extractEntry .npmignore
80 silly gunzTarPerm extractEntry README.md
81 silly gunzTarPerm extractEntry client.js
82 silly gunzTarPerm extractEntry .travis.yml
83 silly gunzTarPerm extractEntry History.md
84 silly gunzTarPerm extractEntry bin/client
85 silly gunzTarPerm extractEntry lib/HeaderHostTransformer.js
86 silly gunzTarPerm extractEntry lib/Tunnel.js
87 silly gunzTarPerm extractEntry lib/TunnelCluster.js
88 silly gunzTarPerm extractEntry test/index.js
89 silly lockFile 91108156-os-npm-localtunnel-1-8-1-package tar:///home/janekos/.npm/localtunnel/1.8.1/package
90 silly lockFile 91108156-os-npm-localtunnel-1-8-1-package tar:///home/janekos/.npm/localtunnel/1.8.1/package
91 silly lockFile dd176cfb-pm-localtunnel-1-8-1-package-tgz tar:///home/janekos/.npm/localtunnel/1.8.1/package.tgz
92 silly lockFile dd176cfb-pm-localtunnel-1-8-1-package-tgz tar:///home/janekos/.npm/localtunnel/1.8.1/package.tgz
93 verbose chmod /home/janekos/.npm/localtunnel/1.8.1/package.tgz 644
94 verbose chown /home/janekos/.npm/localtunnel/1.8.1/package.tgz [ 833, 833 ]
95 silly lockFile c421e077-ocaltunnel-localtunnel-1-8-1-tgz https://registry.npmjs.org/localtunnel/-/localtunnel-1.8.1.tgz
96 silly lockFile c421e077-ocaltunnel-localtunnel-1-8-1-tgz https://registry.npmjs.org/localtunnel/-/localtunnel-1.8.1.tgz
97 silly lockFile c9daa0d1-localtunnel-1-8-1 localtunnel@1.8.1
98 silly lockFile c9daa0d1-localtunnel-1-8-1 localtunnel@1.8.1
99 silly lockFile c752cf78-localtunnel localtunnel@
100 silly lockFile c752cf78-localtunnel localtunnel@
101 silly resolved [ { author: { name: 'Roman Shtylman', email: 'shtylman@gmail.com' },
101 silly resolved     name: 'localtunnel',
101 silly resolved     description: 'expose localhost to the world',
101 silly resolved     version: '1.8.1',
101 silly resolved     license: 'MIT',
101 silly resolved     repository:
101 silly resolved      { type: 'git',
101 silly resolved        url: 'git://github.com/shtylman/localtunnel.git' },
101 silly resolved     dependencies:
101 silly resolved      { request: '2.65.0',
101 silly resolved        yargs: '3.29.0',
101 silly resolved        debug: '2.2.0',
101 silly resolved        openurl: '1.1.0' },
101 silly resolved     devDependencies: { mocha: '~1.17.0' },
101 silly resolved     scripts: { test: 'mocha --ui qunit --reporter list --timeout 10000 -- test/index.js' },
101 silly resolved     bin: { lt: './bin/client' },
101 silly resolved     main: './client.js',
101 silly resolved     readme: '# localtunnel\n\n[![Build Status](https://travis-ci.org/localtunnel/localtunnel.svg?branch=master)](https://travis-ci.org/localtunnel/localtunnel)\n\nlocaltunnel exposes your localhost to the world for easy testing and sharing! No need to mess with DNS or deploy just to have others test out your changes.\n\nGreat for working with browser testing tools like browserling or external api callback services like twilio which require a public url for callbacks.\n\n## installation ##\n\n```\nnpm install -g localtunnel\n```\n\nThis will install the localtunnel module globally and add the \'lt\' client cli tool to your PATH.\n\n## use ##\n\nAssuming your local server is running on port 8000, just use the ```lt``` command to start the tunnel.\n\n```\nlt --port 8000\n```\n\nThats it! It will connect to the tunnel server, setup the tunnel, and tell you what url to use for your testing. This url will remain active for the duration of your session; so feel free to share it with others for happy fun time!\n\nYou can restart your local server all you want, ```lt``` is smart enough to detect this and reconnect once it is back.\n\n### arguments\n\nBelow are some common arguments. See `lt --help` for additional arguments\n\n* `--subdomain` request a named subdomain on the localtunnel server (default is random characters)\n* `--local-host` proxy to a hostname other than localhost\n\n## API ##\n\nThe localtunnel client is also usable through an API (for test integration, automation, etc)\n\n### localtunnel(port [,opts], fn)\n\nCreates a new localtunnel to the specified local `port`. `fn` will be called once you have been assigned a public localtunnel url. `opts` can be used to request a specific `subdomain`.\n\n```javascript\nvar localtunnel = require(\'localtunnel\');\n\nvar tunnel = localtunnel(port, function(err, tunnel) {\n    if (err) ...\n\n    // the assigned public url for your tunnel\n    // i.e. https://abcdefgjhij.localtunnel.me\n    tunnel.url;\n});\n\ntunnel.on(\'close\', function() {\n    // tunnels are closed\n});\n```\n\n### opts\n\n* `subdomain` A *string* value requesting a specific subdomain on the proxy server. **Note** You may not actually receive this name depending on availablily.\n* `local_host` Proxy to this hostname instead of `localhost`. This will also cause the `Host` header to be re-written to this value in proxied requests.\n\n### Tunnel\n\nThe `tunnel` instance returned to your callback emits the following events\n\n|event|args|description|\n|----|----|----|\n|error|err|fires when an error happens on the tunnel|\n|close||fires when the tunnel has closed|\n\nThe `tunnel` instance has the following methods\n\n|method|args|description|\n|----|----|----|\n|close||close the tunnel|\n\n## other clients ##\n\nClients in other languages\n\n*go* [gotunnelme](https://github.com/NoahShen/gotunnelme)\n\n## server ##\n\nSee defunctzombie/localtunnel-server for details on the server that powers localtunnel.\n\n## License ##\nMIT\n',
101 silly resolved     readmeFilename: 'README.md',
101 silly resolved     bugs: { url: 'https://github.com/shtylman/localtunnel/issues' },
101 silly resolved     _id: 'localtunnel@1.8.1',
101 silly resolved     dist: { shasum: '70f62f130145a10f47a40b06e3ff9508b9fe6790' },
101 silly resolved     _from: 'localtunnel@',
101 silly resolved     _resolved: 'https://registry.npmjs.org/localtunnel/-/localtunnel-1.8.1.tgz' } ]
102 info install localtunnel@1.8.1 into /usr/lib
103 info installOne localtunnel@1.8.1
104 info /usr/lib/node_modules/localtunnel unbuild
105 verbose tar unpack /home/janekos/.npm/localtunnel/1.8.1/package.tgz
106 silly lockFile 9570da8e-usr-lib-node-modules-localtunnel tar:///usr/lib/node_modules/localtunnel
107 verbose lock tar:///usr/lib/node_modules/localtunnel /home/janekos/.npm/9570da8e-usr-lib-node-modules-localtunnel.lock
108 silly lockFile dd176cfb-pm-localtunnel-1-8-1-package-tgz tar:///home/janekos/.npm/localtunnel/1.8.1/package.tgz
109 verbose lock tar:///home/janekos/.npm/localtunnel/1.8.1/package.tgz /home/janekos/.npm/dd176cfb-pm-localtunnel-1-8-1-package-tgz.lock
110 silly gunzTarPerm modes [ '755', '644' ]
111 error Error: EACCES, mkdir '/usr/lib/node_modules/localtunnel'
111 error  { [Error: EACCES, mkdir '/usr/lib/node_modules/localtunnel']
111 error   errno: 3,
111 error   code: 'EACCES',
111 error   path: '/usr/lib/node_modules/localtunnel',
111 error   fstream_type: 'Directory',
111 error   fstream_path: '/usr/lib/node_modules/localtunnel',
111 error   fstream_class: 'DirWriter',
111 error   fstream_stack:
111 error    [ '/usr/lib/node_modules/fstream/lib/dir-writer.js:36:23',
111 error      '/usr/lib/node_modules/mkdirp/index.js:37:53',
111 error      'Object.oncomplete (fs.js:108:15)' ] }
112 error Please try running this command again as root/Administrator.
113 error System Linux 2.6.32-504.8.1.el6.x86_64
114 error command "node" "/usr/bin/npm" "install" "-g" "localtunnel"
115 error cwd /home/janekos/public_html/tunnitööd/2.semester/veebirakenduste_kasutajaliidesed/2.vk-kodutoo-I-ruhm
116 error node -v v0.10.36
117 error npm -v 1.3.6
118 error path /usr/lib/node_modules/localtunnel
119 error fstream_path /usr/lib/node_modules/localtunnel
120 error fstream_type Directory
121 error fstream_class DirWriter
122 error code EACCES
123 error errno 3
124 error stack Error: EACCES, mkdir '/usr/lib/node_modules/localtunnel'
125 error fstream_stack /usr/lib/node_modules/fstream/lib/dir-writer.js:36:23
125 error fstream_stack /usr/lib/node_modules/mkdirp/index.js:37:53
125 error fstream_stack Object.oncomplete (fs.js:108:15)
126 verbose exit [ 3, true ]
